C:\Users\benjamin\dokanx\trunk\src\dokanx\Release\access.obj
C:\Users\benjamin\dokanx\trunk\src\dokanx\Release\cl.command.1.tlog
C:\Users\benjamin\dokanx\trunk\src\dokanx\Release\CL.read.1.tlog
C:\Users\benjamin\dokanx\trunk\src\dokanx\Release\CL.write.1.tlog
C:\Users\benjamin\dokanx\trunk\src\dokanx\Release\cleanup.obj
C:\Users\benjamin\dokanx\trunk\src\dokanx\Release\close.obj
C:\Users\benjamin\dokanx\trunk\src\dokanx\Release\create.obj
C:\Users\benjamin\dokanx\trunk\src\dokanx\Release\directory.obj
C:\Users\benjamin\dokanx\trunk\src\dokanx\Release\dokan.obj
C:\Users\benjamin\dokanx\trunk\src\dokanx\Release\fileinfo.obj
C:\Users\benjamin\dokanx\trunk\src\dokanx\Release\flush.obj
C:\Users\benjamin\dokanx\trunk\src\dokanx\Release\lib.command.1.tlog
C:\Users\benjamin\dokanx\trunk\src\dokanx\Release\Lib-link.read.1.tlog
C:\Users\benjamin\dokanx\trunk\src\dokanx\Release\Lib-link.write.1.tlog
C:\Users\benjamin\dokanx\trunk\src\dokanx\Release\lock.obj
C:\Users\benjamin\dokanx\trunk\src\dokanx\Release\mount.obj
C:\Users\benjamin\dokanx\trunk\src\dokanx\Release\read.obj
C:\Users\benjamin\dokanx\trunk\src\dokanx\Release\security.obj
C:\Users\benjamin\dokanx\trunk\src\dokanx\Release\setfile.obj
C:\Users\benjamin\dokanx\trunk\src\dokanx\Release\status.obj
C:\Users\benjamin\dokanx\trunk\src\dokanx\Release\timeout.obj
C:\Users\benjamin\dokanx\trunk\src\dokanx\Release\vc100.pdb
C:\Users\benjamin\dokanx\trunk\src\dokanx\Release\version.obj
C:\Users\benjamin\dokanx\trunk\src\dokanx\Release\volume.obj
C:\Users\benjamin\dokanx\trunk\src\dokanx\Release\write.obj
C:\Users\benjamin\dokanx\trunk\src\Release\dokanx.lib
D:\CODE\OSS\DOKANX\TRUNK\SRC\DOKANX\RELEASE\ACCESS.OBJ
D:\CODE\OSS\DOKANX\TRUNK\SRC\DOKANX\RELEASE\CLEANUP.OBJ
D:\CODE\OSS\DOKANX\TRUNK\SRC\DOKANX\RELEASE\CLOSE.OBJ
D:\CODE\OSS\DOKANX\TRUNK\SRC\DOKANX\RELEASE\CREATE.OBJ
D:\CODE\OSS\DOKANX\TRUNK\SRC\DOKANX\RELEASE\DIRECTORY.OBJ
D:\CODE\OSS\DOKANX\TRUNK\SRC\DOKANX\RELEASE\DOKAN.OBJ
D:\CODE\OSS\DOKANX\TRUNK\SRC\DOKANX\RELEASE\FILEINFO.OBJ
D:\CODE\OSS\DOKANX\TRUNK\SRC\DOKANX\RELEASE\FLUSH.OBJ
D:\CODE\OSS\DOKANX\TRUNK\SRC\DOKANX\RELEASE\LOCK.OBJ
D:\CODE\OSS\DOKANX\TRUNK\SRC\DOKANX\RELEASE\MOUNT.OBJ
D:\CODE\OSS\DOKANX\TRUNK\SRC\DOKANX\RELEASE\READ.OBJ
D:\CODE\OSS\DOKANX\TRUNK\SRC\DOKANX\RELEASE\SECURITY.OBJ
D:\CODE\OSS\DOKANX\TRUNK\SRC\DOKANX\RELEASE\SETFILE.OBJ
D:\CODE\OSS\DOKANX\TRUNK\SRC\DOKANX\RELEASE\STATUS.OBJ
D:\CODE\OSS\DOKANX\TRUNK\SRC\DOKANX\RELEASE\TIMEOUT.OBJ
D:\CODE\OSS\DOKANX\TRUNK\SRC\DOKANX\RELEASE\VC100.PDB
D:\CODE\OSS\DOKANX\TRUNK\SRC\DOKANX\RELEASE\VERSION.OBJ
D:\CODE\OSS\DOKANX\TRUNK\SRC\DOKANX\RELEASE\VOLUME.OBJ
D:\CODE\OSS\DOKANX\TRUNK\SRC\DOKANX\RELEASE\WRITE.OBJ
D:\CODE\OSS\DOKANX\TRUNK\SRC\RELEASE\DOKANX.LIB
