d:\dokan(github)\dokanx\dokanx\debug\dokanx.pch
d:\dokan(github)\dokanx\dokanx\debug\vc120.pdb
d:\dokan(github)\dokanx\dokanx\debug\vc120.idb
d:\dokan(github)\dokanx\dokanx\debug\stdafx.obj
d:\dokan(github)\dokanx\dokanx\debug\access.obj
d:\dokan(github)\dokanx\dokanx\debug\cleanup.obj
d:\dokan(github)\dokanx\dokanx\debug\close.obj
d:\dokan(github)\dokanx\dokanx\debug\create.obj
d:\dokan(github)\dokanx\dokanx\debug\directory.obj
d:\dokan(github)\dokanx\dokanx\debug\dokan.obj
d:\dokan(github)\dokanx\dokanx\debug\fileinfo.obj
d:\dokan(github)\dokanx\dokanx\debug\flush.obj
d:\dokan(github)\dokanx\dokanx\debug\lock.obj
d:\dokan(github)\dokanx\dokanx\debug\mount.obj
d:\dokan(github)\dokanx\dokanx\debug\read.obj
d:\dokan(github)\dokanx\dokanx\debug\security.obj
d:\dokan(github)\dokanx\dokanx\debug\setfile.obj
d:\dokan(github)\dokanx\dokanx\debug\timeout.obj
d:\dokan(github)\dokanx\dokanx\debug\version.obj
d:\dokan(github)\dokanx\dokanx\debug\volume.obj
d:\dokan(github)\dokanx\dokanx\debug\write.obj
d:\dokan(github)\dokanx\debug\dokanx.lib
d:\dokan(github)\dokanx\debug\dokanx.exp
d:\dokan(github)\dokanx\debug\dokanx.dll
d:\dokan(github)\dokanx\dokanx\debug\dokanx.tlog\cl.command.1.tlog
d:\dokan(github)\dokanx\dokanx\debug\dokanx.tlog\cl.read.1.tlog
d:\dokan(github)\dokanx\dokanx\debug\dokanx.tlog\cl.write.1.tlog
d:\dokan(github)\dokanx\dokanx\debug\dokanx.tlog\dokanx.write.1u.tlog
d:\dokan(github)\dokanx\dokanx\debug\dokanx.tlog\link.command.1.tlog
d:\dokan(github)\dokanx\dokanx\debug\dokanx.tlog\link.read.1.tlog
d:\dokan(github)\dokanx\dokanx\debug\dokanx.tlog\link.write.1.tlog
