Build started 8/5/2014 1:14:06 AM.
     1>Project "D:\Dokan(Github)\dokanx\dokanx\dokanx.vcxproj" on node 2 (Rebuild target(s)).
     1>ClCompile:
         C:\Program Files (x86)\Microsoft Visual Studio 12.0\VC\bin\CL.exe /c /I../sys /Zi /nologo /W4 /WX- /Od /Oy- /D _WINDLL /D _WINDLL /D _UNICODE /D UNICODE /Gm /EHsc /RTC1 /MTd /GS /fp:precise /Zc:wchar_t /Zc:forScope /Yc"stdafx.h" /Fp"Debug\dokanx.pch" /Fo"Debug\\" /Fd"Debug\vc120.pdb" /Gd /TP /analyze- /errorReport:prompt stdafx.cpp
         stdafx.cpp
         C:\Program Files (x86)\Microsoft Visual Studio 12.0\VC\bin\CL.exe /c /I../sys /Zi /nologo /W4 /WX- /Od /Oy- /D _WINDLL /D _WINDLL /D _UNICODE /D UNICODE /Gm /EHsc /RTC1 /MTd /GS /fp:precise /Zc:wchar_t /Zc:forScope /Yu"stdafx.h" /Fp"Debug\dokanx.pch" /Fo"Debug\\" /Fd"Debug\vc120.pdb" /Gd /TP /analyze- /errorReport:prompt access.cpp cleanup.cpp close.cpp create.cpp directory.cpp dokan.cpp fileinfo.cpp flush.cpp lock.cpp mount.cpp read.cpp security.cpp setfile.cpp timeout.cpp version.cpp volume.cpp write.cpp
         write.cpp
         volume.cpp
         version.cpp
         timeout.cpp
         setfile.cpp
         security.cpp
         read.cpp
         mount.cpp
         lock.cpp
         flush.cpp
         fileinfo.cpp
         dokan.cpp
         directory.cpp
         create.cpp
         close.cpp
         cleanup.cpp
         access.cpp
         Generating Code...
       Link:
         C:\Program Files (x86)\Microsoft Visual Studio 12.0\VC\bin\link.exe /ERRORREPORT:PROMPT /OUT:"D:\Dokan(Github)\dokanx\Debug\dokanx.dll" /NOLOGO kernel32.lib user32.lib gdi32.lib winspool.lib comdlg32.lib advapi32.lib shell32.lib ole32.lib oleaut32.lib uuid.lib odbc32.lib odbccp32.lib /MANIFEST /MANIFESTUAC:"level='asInvoker' uiAccess='false'" /manifest:embed /PDB:"D:\Dokan(Github)\dokanx\Debug\dokanx.pdb" /TLBID:1 /DYNAMICBASE /NXCOMPAT /IMPLIB:"D:\Dokan(Github)\dokanx\Debug\dokanx.lib" /MACHINE:X86 /SAFESEH /DLL Debug\access.obj
         Debug\cleanup.obj
         Debug\close.obj
         Debug\create.obj
         Debug\directory.obj
         Debug\dokan.obj
         Debug\fileinfo.obj
         Debug\flush.obj
         Debug\lock.obj
         Debug\mount.obj
         Debug\read.obj
         Debug\security.obj
         Debug\setfile.obj
         Debug\stdafx.obj
         Debug\timeout.obj
         Debug\version.obj
         Debug\volume.obj
         Debug\write.obj
         "D:\Dokan(Github)\dokanx\lib\debug\Common.lib"
            Creating library D:\Dokan(Github)\dokanx\Debug\dokanx.lib and object D:\Dokan(Github)\dokanx\Debug\dokanx.exp
         dokanx.vcxproj -> D:\Dokan(Github)\dokanx\Debug\dokanx.dll
     1>Done Building Project "D:\Dokan(Github)\dokanx\dokanx\dokanx.vcxproj" (Rebuild target(s)).

Build succeeded.

Time Elapsed 00:00:02.81
