d:\dokan(github)\dokanx\dokanxsys\win8.1debug\dokanx.inf
d:\dokan(github)\dokanx\dokanxsys\win8.1debug\vc120.pdb
d:\dokan(github)\dokanx\dokanxsys\win8.1debug\write.obj
d:\dokan(github)\dokanx\dokanxsys\win8.1debug\volume.obj
d:\dokan(github)\dokanx\dokanxsys\win8.1debug\timeout.obj
d:\dokan(github)\dokanx\dokanxsys\win8.1debug\security.obj
d:\dokan(github)\dokanx\dokanxsys\win8.1debug\read.obj
d:\dokan(github)\dokanx\dokanxsys\win8.1debug\notification.obj
d:\dokan(github)\dokanx\dokanxsys\win8.1debug\lock.obj
d:\dokan(github)\dokanx\dokanxsys\win8.1debug\init.obj
d:\dokan(github)\dokanx\dokanxsys\win8.1debug\fscontrol.obj
d:\dokan(github)\dokanx\dokanxsys\win8.1debug\flush.obj
d:\dokan(github)\dokanx\dokanxsys\win8.1debug\fileinfo.obj
d:\dokan(github)\dokanx\dokanxsys\win8.1debug\event.obj
d:\dokan(github)\dokanx\dokanxsys\win8.1debug\dokan.obj
d:\dokan(github)\dokanx\dokanxsys\win8.1debug\directory.obj
d:\dokan(github)\dokanx\dokanxsys\win8.1debug\device.obj
d:\dokan(github)\dokanx\dokanxsys\win8.1debug\create.obj
d:\dokan(github)\dokanx\dokanxsys\win8.1debug\close.obj
d:\dokan(github)\dokanx\dokanxsys\win8.1debug\cleanup.obj
d:\dokan(github)\dokanx\dokanxsys\win8.1debug\access.obj
d:\dokan(github)\dokanx\dokanxsys\win8.1debug\dokan.res
d:\dokan(github)\dokanx\dokanxsys\win8.1debug\stampinf.command.1.tlog
d:\dokan(github)\dokanx\dokanxsys\win8.1debug\stampinf.read.1.tlog
d:\dokan(github)\dokanx\dokanxsys\win8.1debug\stampinf.write.1.tlog
d:\dokan(github)\dokanx\win8.1debug\dokanxsys.pdb
d:\dokan(github)\dokanx\dokanxsys\win8.1debug\dokanxsys.tlog\cl.command.1.tlog
d:\dokan(github)\dokanx\dokanxsys\win8.1debug\dokanxsys.tlog\cl.read.1.tlog
d:\dokan(github)\dokanx\dokanxsys\win8.1debug\dokanxsys.tlog\cl.write.1.tlog
d:\dokan(github)\dokanx\dokanxsys\win8.1debug\dokanxsys.tlog\link-cvtres.read.1.tlog
d:\dokan(github)\dokanx\dokanxsys\win8.1debug\dokanxsys.tlog\link-cvtres.write.1.tlog
d:\dokan(github)\dokanx\dokanxsys\win8.1debug\dokanxsys.tlog\link.command.1.tlog
d:\dokan(github)\dokanx\dokanxsys\win8.1debug\dokanxsys.tlog\link.read.1.tlog
d:\dokan(github)\dokanx\dokanxsys\win8.1debug\dokanxsys.tlog\link.write.1.tlog
d:\dokan(github)\dokanx\dokanxsys\win8.1debug\dokanxsys.tlog\rc.command.1.tlog
d:\dokan(github)\dokanx\dokanxsys\win8.1debug\dokanxsys.tlog\rc.read.1.tlog
d:\dokan(github)\dokanx\dokanxsys\win8.1debug\dokanxsys.tlog\rc.write.1.tlog
