BUILD: Computing Include file dependencies:
BUILD: Examining d:\clue\ndrive\ndrive_client\trunk\src\dokan\sys directory for files to compile.
oacr invalidate root:x86fre /autocleanqueue
1>Compiling and Linking d:\clue\ndrive\ndrive_client\trunk\src\dokan\sys *************
1>'nmake.exe /nologo BUILDMSG=Stop. -i BUILD_PASS=PASS2 LINKONLY=1 NOPASS0=1 MAKEDIR_RELATIVE_TO_BASEDIR='
1>BUILDMSG: _NT_TARGET_VERSION SET TO WINXP
1> rc.exe -l 409 -DSXS_PROCESSOR_ARCHITECTURE="""x86"""  -DSXS_TARGET="""dokan.sys"""   -DSYSTEM_COMPATIBLE_ASSEMBLY_NAME="""Microsoft.Windows.SystemCompatible"""  -DLSYSTEM_COMPATIBLE_ASSEMBLY_NAME=L"""Microsoft.Windows.SystemCompatible"""   -DSXS_ASSEMBLY_VERSION=""""""  /r /fo d:\clue\ndrive\ndrive_client\trunk\src\dokan\sys\objfre_wxp_x86\i386\dokan.res /D_X86_=1 /Di386=1  /DSTD_CALL /DCONDITION_HANDLING=1 /DNT_UP=1  /DNT_INST=0 /DWIN32=100 /D_NT1X_=100 /DWINNT=1 /D_WIN32_WINNT=0x0501 /DWINVER=0x0501 /D_WIN32_IE=0x0603    /DWIN32_LEAN_AND_MEAN=1  /DDEVL=1 /D__BUILDMACHINE__=WinDDK /DFPO=0  /DNDEBUG /D_DLL=1 /DNDEBUG  /DNTDDI_VERSION=0x05010200   /Id:\clue\ndrive\ndrive_client\trunk\src\dokan\sys\objfre_wxp_x86\i386 /IC:\WinDDK\7600.16385.1\inc\api /IC:\WinDDK\7600.16385.1\inc\api /IC:\WinDDK\7600.16385.1\inc\ddk /IC:\WinDDK\7600.16385.1\inc\ddk /IC:\WinDDK\7600.16385.1\inc\crt .\dokan.rc
1>Microsoft (R) Windows (R) Resource Compiler Version 6.1.6908.0
1>Copyright (C) Microsoft Corporation.  All rights reserved.
1>.\dokan.rc(17) : warning RC4005: 'VER_COMPANYNAME_STR' : redefinition
1>warnings in directory d:\clue\ndrive\ndrive_client\trunk\src\dokan\sys
1>d:\clue\ndrive\ndrive_client\trunk\src\dokan\sys\dokan.rc(17) : warning RC4005: 'VER_COMPANYNAME_STR' : redefinition
1>.\dokan.rc(18) : warning RC4005: 'VER_FILEDESCRIPTION_STR' : redefinition
1>d:\clue\ndrive\ndrive_client\trunk\src\dokan\sys\dokan.rc(18) : warning RC4005: 'VER_FILEDESCRIPTION_STR' : redefinition
1>.\dokan.rc(20) : warning RC4005: 'VER_PRODUCTNAME_STR' : redefinition
1>d:\clue\ndrive\ndrive_client\trunk\src\dokan\sys\dokan.rc(20) : warning RC4005: 'VER_PRODUCTNAME_STR' : redefinition
1>.\dokan.rc(21) : warning RC4005: 'VER_PRODUCTVERSION_STR' : redefinition
1>d:\clue\ndrive\ndrive_client\trunk\src\dokan\sys\dokan.rc(21) : warning RC4005: 'VER_PRODUCTVERSION_STR' : redefinition
1> C:\WinDDK\7600.16385.1\Bin\x86\oacr\oacrcl @d:\clue\ndrive\ndrive_client\trunk\src\dokan\sys\objfre_wxp_x86\i386\cl.rsp
1>Microsoft (R) 32-bit C/C++ Optimizing Compiler Version 15.00.30729.207 for 80x86
1>Copyright (C) Microsoft Corporation.  All rights reserved.
1>cl /Fo"d:\clue\ndrive\ndrive_client\trunk\src\dokan\sys\objfre_wxp_x86\i386/"
1> /FC
1> /Ii386
1> /I.
1> /Id:\clue\ndrive\ndrive_client\trunk\src\dokan\sys\objfre_wxp_x86\i386
1> /IC:\WinDDK\7600.16385.1\inc\api
1> /IC:\WinDDK\7600.16385.1\inc\api
1> /IC:\WinDDK\7600.16385.1\inc\ddk
1> /IC:\WinDDK\7600.16385.1\inc\ddk
1> /IC:\WinDDK\7600.16385.1\inc\crt
1> /D_X86_=1
1> /Di386=1
1> /DSTD_CALL
1> /DCONDITION_HANDLING=1
1> /DNT_UP=1
1> /DNT_INST=0
1> /DWIN32=100
1> /D_NT1X_=100
1> /DWINNT=1
1> /D_WIN32_WINNT=0x0501
1> /DWINVER=0x0501
1> /D_WIN32_IE=0x0603
1> /DWIN32_LEAN_AND_MEAN=1
1> /DDEVL=1
1> /D__BUILDMACHINE__=WinDDK
1> /DFPO=0
1> /DNDEBUG
1> /D_DLL=1
1> /DNDEBUG
1> /DNTDDI_VERSION=0x05010200
1> /c
1> /Zc:wchar_t-
1> /Zl
1> /Zp8
1> /Gy
1> /Gm-
1> -cbstring
1> /W3
1> /WX
1> /Gz
1> /hotpatch
1> /EHs-c-
1> /GR-
1> /GF
1> /GS
1> /Zi
1> /Oxs
1> /Oy-
1> /Zi
1> /Fdd:\clue\ndrive\ndrive_client\trunk\src\dokan\sys\objfre_wxp_x86\i386\
1> /DKMDF_MAJOR_VERSION_STRING=01
1> /DKMDF_MINOR_VERSION_STRING=009
1> /wd4603
1> /wd4627
1> /typedil-
1> /FIC:\WinDDK\7600.16385.1\inc\api\warning.h
1> .\dokan.c .\init.c .\create.c .\close.c .\event.c .\directory.c .\fileinfo.c .\read.c .\write.c .\volume.c .\cleanup.c .\lock.c .\timeout.c .\flush.c .\device.c .\fscontrol.c .\notification.c .\security.c .\access.c 
1>dokan.c
1>init.c
1>create.c
1>close.c
1>event.c
1>directory.c
1>fileinfo.c
1>read.c
1>write.c
1>volume.c
1>cleanup.c
1>lock.c
1>timeout.c
1>flush.c
1>device.c
1>fscontrol.c
1>notification.c
1>security.c
1>access.c
1>Generating Code...
1> C:\WinDDK\7600.16385.1\Bin\x86\oacr\oacrlink /out:d:\clue\ndrive\ndrive_client\trunk\src\dokan\sys\objfre_wxp_x86\i386\dokan.sys /machine:ix86 @d:\clue\ndrive\ndrive_client\trunk\src\dokan\sys\objfre_wxp_x86\i386\lnk.rsp
1>Microsoft (R) Incremental Linker Version 9.00.30729.207
1>Copyright (C) Microsoft Corporation.  All rights reserved.
1>-MAP 
1>/MERGE:_PAGE=PAGE 
1>/MERGE:_TEXT=.text 
1>/SECTION:INIT,d 
1>/OPT:REF 
1>/OPT:ICF 
1>/IGNORE:4198,4010,4037,4039,4065,4070,4078,4087,4089,4221 
1>/INCREMENTAL:NO 
1>/release 
1>/NODEFAULTLIB 
1>/WX 
1>/debug 
1>/debugtype:cv,fixup,pdata 
1>/version:6.1 
1>/osversion:6.1 
1>/functionpadmin:5 
1>/safeseh 
1>/pdbcompress 
1>/STACK:0x40000,0x1000 
1>/driver 
1>/base:0x10000 
1>/align:0x80 /stub:c:\winddk\7600.16385.1\lib\wxp\stub512.com 
1>/subsystem:native,5.01 
1>/entry:GsDriverEntry@8 
1>/out:d:\clue\ndrive\ndrive_client\trunk\src\dokan\sys\objfre_wxp_x86\i386\dokan.sys 
1>d:\clue\ndrive\ndrive_client\trunk\src\dokan\sys\objfre_wxp_x86\i386\dokan.res 
1>d:\clue\ndrive\ndrive_client\trunk\src\dokan\sys\objfre_wxp_x86\i386\dokan.obj 
1>d:\clue\ndrive\ndrive_client\trunk\src\dokan\sys\objfre_wxp_x86\i386\init.obj 
1>d:\clue\ndrive\ndrive_client\trunk\src\dokan\sys\objfre_wxp_x86\i386\create.obj 
1>d:\clue\ndrive\ndrive_client\trunk\src\dokan\sys\objfre_wxp_x86\i386\close.obj 
1>d:\clue\ndrive\ndrive_client\trunk\src\dokan\sys\objfre_wxp_x86\i386\event.obj 
1>d:\clue\ndrive\ndrive_client\trunk\src\dokan\sys\objfre_wxp_x86\i386\directory.obj 
1>d:\clue\ndrive\ndrive_client\trunk\src\dokan\sys\objfre_wxp_x86\i386\fileinfo.obj 
1>d:\clue\ndrive\ndrive_client\trunk\src\dokan\sys\objfre_wxp_x86\i386\read.obj 
1>d:\clue\ndrive\ndrive_client\trunk\src\dokan\sys\objfre_wxp_x86\i386\write.obj 
1>d:\clue\ndrive\ndrive_client\trunk\src\dokan\sys\objfre_wxp_x86\i386\volume.obj 
1>d:\clue\ndrive\ndrive_client\trunk\src\dokan\sys\objfre_wxp_x86\i386\cleanup.obj 
1>d:\clue\ndrive\ndrive_client\trunk\src\dokan\sys\objfre_wxp_x86\i386\lock.obj 
1>d:\clue\ndrive\ndrive_client\trunk\src\dokan\sys\objfre_wxp_x86\i386\timeout.obj 
1>d:\clue\ndrive\ndrive_client\trunk\src\dokan\sys\objfre_wxp_x86\i386\flush.obj 
1>d:\clue\ndrive\ndrive_client\trunk\src\dokan\sys\objfre_wxp_x86\i386\device.obj 
1>d:\clue\ndrive\ndrive_client\trunk\src\dokan\sys\objfre_wxp_x86\i386\fscontrol.obj 
1>d:\clue\ndrive\ndrive_client\trunk\src\dokan\sys\objfre_wxp_x86\i386\notification.obj 
1>d:\clue\ndrive\ndrive_client\trunk\src\dokan\sys\objfre_wxp_x86\i386\security.obj 
1>d:\clue\ndrive\ndrive_client\trunk\src\dokan\sys\objfre_wxp_x86\i386\access.obj 
1>c:\winddk\7600.16385.1\lib\wxp\i386\BufferOverflowK.lib 
1>c:\winddk\7600.16385.1\lib\wxp\i386\ntoskrnl.lib 
1>c:\winddk\7600.16385.1\lib\wxp\i386\hal.lib 
1>c:\winddk\7600.16385.1\lib\wxp\i386\wmilib.lib 
1>c:\winddk\7600.16385.1\lib\wxp\i386\wdmsec.lib 
1>c:\winddk\7600.16385.1\lib\wxp\i386\sehupd.lib 
