BUILD: Examining d:\code\oss\dokanx\trunk\src\sys directory for files to compile.
1>Compiling and Linking d:\code\oss\dokanx\trunk\src\sys *************
1>'nmake.exe /nologo BUILDMSG=Stop. -i BUILD_PASS=PASS2 LINKONLY=1 NOPASS0=1 MAKEDIR_RELATIVE_TO_BASEDIR='
1> rc.exe -l 409 -DSXS_PROCESSOR_ARCHITECTURE="""AMD64"""  -DSXS_TARGET="""dokanx.sys"""   -DSYSTEM_COMPATIBLE_ASSEMBLY_NAME="""Microsoft.Windows.SystemCompatible"""  -DLSYSTEM_COMPATIBLE_ASSEMBLY_NAME=L"""Microsoft.Windows.SystemCompatible"""   -DSXS_ASSEMBLY_VERSION=""""""  /r /fo d:\code\oss\dokanx\trunk\src\sys\objfre_win7_amd64\amd64\dokan.res /D_WIN64 /D_AMD64_ /DAMD64   /DCONDITION_HANDLING=1 /DNT_UP=1  /DNT_INST=0 /DWIN32=100 /D_NT1X_=100 /DWINNT=1 /D_WIN32_WINNT=0x0601 /DWINVER=0x0601 /D_WIN32_IE=0x0800    /DWIN32_LEAN_AND_MEAN=1  /DDEVL=1 /D__BUILDMACHINE__=WinDDK  /DNDEBUG /D_DLL=1 /DNDEBUG  /DNTDDI_VERSION=0x06010000   /Id:\code\oss\dokanx\trunk\src\sys\objfre_win7_amd64\amd64 /IC:\WinDDK\7600.16385.1\inc\api /IC:\WinDDK\7600.16385.1\inc\api /IC:\WinDDK\7600.16385.1\inc\ddk /IC:\WinDDK\7600.16385.1\inc\ddk /IC:\WinDDK\7600.16385.1\inc\crt .\dokan.rc
1>Microsoft (R) Windows (R) Resource Compiler Version 6.1.6908.0
1>Copyright (C) Microsoft Corporation.  All rights reserved.
1> cl @d:\code\oss\dokanx\trunk\src\sys\objfre_win7_amd64\amd64\cl.rsp
1>dokan.c
1>init.c
1>create.c
1>close.c
1>event.c
1>directory.c
1>fileinfo.c
1>read.c
1>write.c
1>volume.c
1>cleanup.c
1>lock.c
1>timeout.c
1>flush.c
1>device.c
1>fscontrol.c
1>notification.c
1>security.c
1>access.c
1>Microsoft (R) C/C++ Optimizing Compiler Version 15.00.30729.207 for x64
1>Copyright (C) Microsoft Corporation.  All rights reserved.
1>cl /Fo"d:\code\oss\dokanx\trunk\src\sys\objfre_win7_amd64\amd64/"
1> /FC
1> /Iamd64\
1> /I.
1> /Id:\code\oss\dokanx\trunk\src\sys\objfre_win7_amd64\amd64
1> /IC:\WinDDK\7600.16385.1\inc\api
1> /IC:\WinDDK\7600.16385.1\inc\api
1> /IC:\WinDDK\7600.16385.1\inc\ddk
1> /IC:\WinDDK\7600.16385.1\inc\ddk
1> /IC:\WinDDK\7600.16385.1\inc\crt
1> /D_WIN64
1> /D_AMD64_
1> /DAMD64
1> /DCONDITION_HANDLING=1
1> /DNT_UP=1
1> /DNT_INST=0
1> /DWIN32=100
1> /D_NT1X_=100
1> /DWINNT=1
1> /D_WIN32_WINNT=0x0601
1> /DWINVER=0x0601
1> /D_WIN32_IE=0x0800
1> /DWIN32_LEAN_AND_MEAN=1
1> /DDEVL=1
1> /D__BUILDMACHINE__=WinDDK
1> /DNDEBUG
1> /D_DLL=1
1> /DNDEBUG
1> /DNTDDI_VERSION=0x06010000
1> /c
1> /Zc:wchar_t-
1> /Zl
1> /Zp8
1> /Gy
1> -cbstring
1> /W3
1> /WX
1> /EHs-c-
1> /GR-
1> /GF
1> /GS
1> /Zi
1> /Oxs
1> /GL
1> /Zi
1> /Fdd:\code\oss\dokanx\trunk\src\sys\objfre_win7_amd64\amd64\
1> /DKMDF_MAJOR_VERSION_STRING=01
1> /DKMDF_MINOR_VERSION_STRING=009
1> /typedil-
1> /wd4603
1> /wd4627
1> /FIC:\WinDDK\7600.16385.1\inc\api\warning.h
1> .\dokan.c .\init.c .\create.c .\close.c .\event.c .\directory.c .\fileinfo.c .\read.c .\write.c .\volume.c .\cleanup.c .\lock.c .\timeout.c .\flush.c .\device.c .\fscontrol.c .\notification.c .\security.c .\access.c 
1>dokan.c
1>init.c
1>create.c
1>close.c
1>event.c
1>directory.c
1>fileinfo.c
1>read.c
1>write.c
1>volume.c
1>cleanup.c
1>lock.c
1>timeout.c
1>flush.c
1>device.c
1>fscontrol.c
1>notification.c
1>security.c
1>access.c
1> link.exe /out:d:\code\oss\dokanx\trunk\src\sys\objfre_win7_amd64\amd64\dokanx.sys /machine:amd64 @d:\code\oss\dokanx\trunk\src\sys\objfre_win7_amd64\amd64\lnk.rsp
1>Microsoft (R) Incremental Linker Version 9.00.30729.207
1>Copyright (C) Microsoft Corporation.  All rights reserved.
1>-MAP 
1>/MERGE:_PAGE=PAGE 
1>/MERGE:_TEXT=.text 
1>/SECTION:INIT,d 
1>/OPT:REF 
1>/OPT:ICF 
1>/IGNORE:4198,4010,4037,4039,4065,4070,4078,4087,4089,4221,4108,4088,4218,4218,4235 
1>/INCREMENTAL:NO 
1>/release 
1>/NODEFAULTLIB 
1>/WX 
1>/debug 
1>/debugtype:cv,fixup,pdata 
1>/version:6.1 
1>/osversion:6.1 
1>C:\WinDDK\7600.16385.1\lib\win7\amd64\hotpatch.obj 
1>/functionpadmin:6 
1>/pdbcompress 
1>/STACK:0x40000,0x1000 
1>/driver 
1>/base:0x10000 
1>/subsystem:native,6.01 
1>/entry:GsDriverEntry 
1>/out:d:\code\oss\dokanx\trunk\src\sys\objfre_win7_amd64\amd64\dokanx.sys 
1>d:\code\oss\dokanx\trunk\src\sys\objfre_win7_amd64\amd64\dokan.res 
1>d:\code\oss\dokanx\trunk\src\sys\objfre_win7_amd64\amd64\dokan.obj 
1>d:\code\oss\dokanx\trunk\src\sys\objfre_win7_amd64\amd64\init.obj 
1>d:\code\oss\dokanx\trunk\src\sys\objfre_win7_amd64\amd64\create.obj 
1>d:\code\oss\dokanx\trunk\src\sys\objfre_win7_amd64\amd64\close.obj 
1>d:\code\oss\dokanx\trunk\src\sys\objfre_win7_amd64\amd64\event.obj 
1>d:\code\oss\dokanx\trunk\src\sys\objfre_win7_amd64\amd64\directory.obj 
1>d:\code\oss\dokanx\trunk\src\sys\objfre_win7_amd64\amd64\fileinfo.obj 
1>d:\code\oss\dokanx\trunk\src\sys\objfre_win7_amd64\amd64\read.obj 
1>d:\code\oss\dokanx\trunk\src\sys\objfre_win7_amd64\amd64\write.obj 
1>d:\code\oss\dokanx\trunk\src\sys\objfre_win7_amd64\amd64\volume.obj 
1>d:\code\oss\dokanx\trunk\src\sys\objfre_win7_amd64\amd64\cleanup.obj 
1>d:\code\oss\dokanx\trunk\src\sys\objfre_win7_amd64\amd64\lock.obj 
1>d:\code\oss\dokanx\trunk\src\sys\objfre_win7_amd64\amd64\timeout.obj 
1>d:\code\oss\dokanx\trunk\src\sys\objfre_win7_amd64\amd64\flush.obj 
1>d:\code\oss\dokanx\trunk\src\sys\objfre_win7_amd64\amd64\device.obj 
1>d:\code\oss\dokanx\trunk\src\sys\objfre_win7_amd64\amd64\fscontrol.obj 
1>d:\code\oss\dokanx\trunk\src\sys\objfre_win7_amd64\amd64\notification.obj 
1>d:\code\oss\dokanx\trunk\src\sys\objfre_win7_amd64\amd64\security.obj 
1>d:\code\oss\dokanx\trunk\src\sys\objfre_win7_amd64\amd64\access.obj 
1>C:\WinDDK\7600.16385.1\lib\win7\amd64\BufferOverflowK.lib 
1>C:\WinDDK\7600.16385.1\lib\win7\amd64\ntoskrnl.lib 
1>C:\WinDDK\7600.16385.1\lib\win7\amd64\hal.lib 
1>C:\WinDDK\7600.16385.1\lib\win7\amd64\wmilib.lib 
1>C:\WinDDK\7600.16385.1\lib\win7\amd64\wdmsec.lib 
1>dokan.obj : MSIL .netmodule or module compiled with /GL found; restarting link with /LTCG; add /LTCG to the link command line to improve linker performance
1>Microsoft (R) Incremental Linker Version 9.00.30729.207
1>Copyright (C) Microsoft Corporation.  All rights reserved.
1>-MAP 
1>/MERGE:_PAGE=PAGE 
1>/MERGE:_TEXT=.text 
1>/SECTION:INIT,d 
1>/OPT:REF 
1>/OPT:ICF 
1>/IGNORE:4198,4010,4037,4039,4065,4070,4078,4087,4089,4221,4108,4088,4218,4218,4235 
1>/INCREMENTAL:NO 
1>/release 
1>/NODEFAULTLIB 
1>/WX 
1>/debug 
1>/debugtype:cv,fixup,pdata 
1>/version:6.1 
1>/osversion:6.1 
1>C:\WinDDK\7600.16385.1\lib\win7\amd64\hotpatch.obj 
1>/functionpadmin:6 
1>/pdbcompress 
1>/STACK:0x40000,0x1000 
1>/driver 
1>/base:0x10000 
1>/subsystem:native,6.01 
1>/entry:GsDriverEntry 
1>/out:d:\code\oss\dokanx\trunk\src\sys\objfre_win7_amd64\amd64\dokanx.sys 
1>d:\code\oss\dokanx\trunk\src\sys\objfre_win7_amd64\amd64\dokan.res 
1>d:\code\oss\dokanx\trunk\src\sys\objfre_win7_amd64\amd64\dokan.obj 
1>d:\code\oss\dokanx\trunk\src\sys\objfre_win7_amd64\amd64\init.obj 
1>d:\code\oss\dokanx\trunk\src\sys\objfre_win7_amd64\amd64\create.obj 
1>d:\code\oss\dokanx\trunk\src\sys\objfre_win7_amd64\amd64\close.obj 
1>d:\code\oss\dokanx\trunk\src\sys\objfre_win7_amd64\amd64\event.obj 
1>d:\code\oss\dokanx\trunk\src\sys\objfre_win7_amd64\amd64\directory.obj 
1>d:\code\oss\dokanx\trunk\src\sys\objfre_win7_amd64\amd64\fileinfo.obj 
1>d:\code\oss\dokanx\trunk\src\sys\objfre_win7_amd64\amd64\read.obj 
1>d:\code\oss\dokanx\trunk\src\sys\objfre_win7_amd64\amd64\write.obj 
1>d:\code\oss\dokanx\trunk\src\sys\objfre_win7_amd64\amd64\volume.obj 
1>d:\code\oss\dokanx\trunk\src\sys\objfre_win7_amd64\amd64\cleanup.obj 
1>d:\code\oss\dokanx\trunk\src\sys\objfre_win7_amd64\amd64\lock.obj 
1>d:\code\oss\dokanx\trunk\src\sys\objfre_win7_amd64\amd64\timeout.obj 
1>d:\code\oss\dokanx\trunk\src\sys\objfre_win7_amd64\amd64\flush.obj 
1>d:\code\oss\dokanx\trunk\src\sys\objfre_win7_amd64\amd64\device.obj 
1>d:\code\oss\dokanx\trunk\src\sys\objfre_win7_amd64\amd64\fscontrol.obj 
1>d:\code\oss\dokanx\trunk\src\sys\objfre_win7_amd64\amd64\notification.obj 
1>d:\code\oss\dokanx\trunk\src\sys\objfre_win7_amd64\amd64\security.obj 
1>d:\code\oss\dokanx\trunk\src\sys\objfre_win7_amd64\amd64\access.obj 
1>C:\WinDDK\7600.16385.1\lib\win7\amd64\BufferOverflowK.lib 
1>C:\WinDDK\7600.16385.1\lib\win7\amd64\ntoskrnl.lib 
1>C:\WinDDK\7600.16385.1\lib\win7\amd64\hal.lib 
1>C:\WinDDK\7600.16385.1\lib\win7\amd64\wmilib.lib 
1>C:\WinDDK\7600.16385.1\lib\win7\amd64\wdmsec.lib 
1>Generating code
1>Finished generating code
