c:\users\dr. devil\documents\visual studio 2013\projects\dokanxsys\win7debug\dokanx.sys
c:\users\dr. devil\documents\visual studio 2013\projects\dokanxsys\dokanxsys\win7debug\dokanxsys.inf
c:\users\dr. devil\documents\visual studio 2013\projects\dokanxsys\dokanxsys\win7debug\dokanx.inf
c:\users\dr. devil\documents\visual studio 2013\projects\dokanxsys\dokanxsys\win7debug\vc120.pdb
c:\users\dr. devil\documents\visual studio 2013\projects\dokanxsys\dokanxsys\win7debug\write.obj
c:\users\dr. devil\documents\visual studio 2013\projects\dokanxsys\dokanxsys\win7debug\volume.obj
c:\users\dr. devil\documents\visual studio 2013\projects\dokanxsys\dokanxsys\win7debug\timeout.obj
c:\users\dr. devil\documents\visual studio 2013\projects\dokanxsys\dokanxsys\win7debug\security.obj
c:\users\dr. devil\documents\visual studio 2013\projects\dokanxsys\dokanxsys\win7debug\read.obj
c:\users\dr. devil\documents\visual studio 2013\projects\dokanxsys\dokanxsys\win7debug\notification.obj
c:\users\dr. devil\documents\visual studio 2013\projects\dokanxsys\dokanxsys\win7debug\lock.obj
c:\users\dr. devil\documents\visual studio 2013\projects\dokanxsys\dokanxsys\win7debug\init.obj
c:\users\dr. devil\documents\visual studio 2013\projects\dokanxsys\dokanxsys\win7debug\fscontrol.obj
c:\users\dr. devil\documents\visual studio 2013\projects\dokanxsys\dokanxsys\win7debug\flush.obj
c:\users\dr. devil\documents\visual studio 2013\projects\dokanxsys\dokanxsys\win7debug\fileinfo.obj
c:\users\dr. devil\documents\visual studio 2013\projects\dokanxsys\dokanxsys\win7debug\event.obj
c:\users\dr. devil\documents\visual studio 2013\projects\dokanxsys\dokanxsys\win7debug\dokan.obj
c:\users\dr. devil\documents\visual studio 2013\projects\dokanxsys\dokanxsys\win7debug\directory.obj
c:\users\dr. devil\documents\visual studio 2013\projects\dokanxsys\dokanxsys\win7debug\device.obj
c:\users\dr. devil\documents\visual studio 2013\projects\dokanxsys\dokanxsys\win7debug\create.obj
c:\users\dr. devil\documents\visual studio 2013\projects\dokanxsys\dokanxsys\win7debug\close.obj
c:\users\dr. devil\documents\visual studio 2013\projects\dokanxsys\dokanxsys\win7debug\cleanup.obj
c:\users\dr. devil\documents\visual studio 2013\projects\dokanxsys\dokanxsys\win7debug\access.obj
c:\users\dr. devil\documents\visual studio 2013\projects\dokanxsys\win7debug\dokanx.pdb
c:\users\dr. devil\documents\visual studio 2013\projects\dokanxsys\dokanxsys\win7debug\dokan.res
c:\users\dr. devil\documents\visual studio 2013\projects\dokanxsys\win7debug\dokanx.cer
c:\users\dr. devil\documents\visual studio 2013\projects\dokanxsys\win7debug\dokanx.inf
c:\users\dr. devil\documents\visual studio 2013\projects\dokanxsys\dokanxsys\win7debug\signtool.command.1.tlog
c:\users\dr. devil\documents\visual studio 2013\projects\dokanxsys\dokanxsys\win7debug\signtool.read.1.tlog
c:\users\dr. devil\documents\visual studio 2013\projects\dokanxsys\dokanxsys\win7debug\signtool.write.1.tlog
c:\users\dr. devil\documents\visual studio 2013\projects\dokanxsys\dokanxsys\win7debug\stampinf.command.1.tlog
c:\users\dr. devil\documents\visual studio 2013\projects\dokanxsys\dokanxsys\win7debug\stampinf.read.1.tlog
c:\users\dr. devil\documents\visual studio 2013\projects\dokanxsys\dokanxsys\win7debug\stampinf.write.1.tlog
c:\users\dr. devil\documents\visual studio 2013\projects\dokanxsys\dokanxsys\win7debug\dokanxsys.tlog\cl.command.1.tlog
c:\users\dr. devil\documents\visual studio 2013\projects\dokanxsys\dokanxsys\win7debug\dokanxsys.tlog\cl.read.1.tlog
c:\users\dr. devil\documents\visual studio 2013\projects\dokanxsys\dokanxsys\win7debug\dokanxsys.tlog\cl.write.1.tlog
c:\users\dr. devil\documents\visual studio 2013\projects\dokanxsys\dokanxsys\win7debug\dokanxsys.tlog\link.command.1.tlog
c:\users\dr. devil\documents\visual studio 2013\projects\dokanxsys\dokanxsys\win7debug\dokanxsys.tlog\link.read.1.tlog
c:\users\dr. devil\documents\visual studio 2013\projects\dokanxsys\dokanxsys\win7debug\dokanxsys.tlog\link.write.1.tlog
c:\users\dr. devil\documents\visual studio 2013\projects\dokanxsys\dokanxsys\win7debug\dokanxsys.tlog\rc.command.1.tlog
c:\users\dr. devil\documents\visual studio 2013\projects\dokanxsys\dokanxsys\win7debug\dokanxsys.tlog\rc.read.1.tlog
c:\users\dr. devil\documents\visual studio 2013\projects\dokanxsys\dokanxsys\win7debug\dokanxsys.tlog\rc.write.1.tlog
