d:\dokan(github)\dokanx\common\debug\vc120.pdb
d:\dokan(github)\dokanx\common\debug\vc120.idb
d:\dokan(github)\dokanx\common\debug\misc.obj
d:\dokan(github)\dokanx\common\debug\explorer.obj
d:\dokan(github)\dokanx\common\debug\ntservicectrl.obj
d:\dokan(github)\dokanx\common\debug\ntserviceinfo.obj
d:\dokan(github)\dokanx\common\debug\ntvolume.obj
d:\dokan(github)\dokanx\common\debug\osversion.obj
d:\dokan(github)\dokanx\common\debug\pipeclient.obj
d:\dokan(github)\dokanx\common\debug\registry.obj
d:\dokan(github)\dokanx\common\debug\stringhelper.obj
d:\dokan(github)\dokanx\common\debug\unicodehelper.obj
d:\dokan(github)\dokanx\common\debug\ndlog.obj
d:\dokan(github)\dokanx\common\debug\ntlogstring.obj
d:\dokan(github)\dokanx\lib\debug\common.lib
d:\dokan(github)\dokanx\\lib\debug\common.lib
d:\dokan(github)\dokanx\common\debug\common.tlog\cl.command.1.tlog
d:\dokan(github)\dokanx\common\debug\common.tlog\cl.read.1.tlog
d:\dokan(github)\dokanx\common\debug\common.tlog\cl.write.1.tlog
d:\dokan(github)\dokanx\common\debug\common.tlog\lib-link.read.1.tlog
d:\dokan(github)\dokanx\common\debug\common.tlog\lib-link.write.1.tlog
d:\dokan(github)\dokanx\common\debug\common.tlog\lib.command.1.tlog
