D:\CODE\OSS\DOKANX\TRUNK\DEBUG\DOKAN.DLL
D:\code\oss\dokanx\trunk\Debug\dokan.exp
D:\code\oss\dokanx\trunk\Debug\dokan.lib
D:\CODE\OSS\DOKANX\TRUNK\DOKAN\DEBUG\ACCESS.OBJ
D:\code\oss\dokanx\trunk\dokan\Debug\cl.command.1.tlog
D:\code\oss\dokanx\trunk\dokan\Debug\CL.read.1.tlog
D:\code\oss\dokanx\trunk\dokan\Debug\CL.write.1.tlog
D:\CODE\OSS\DOKANX\TRUNK\DOKAN\DEBUG\CLEANUP.OBJ
D:\CODE\OSS\DOKANX\TRUNK\DOKAN\DEBUG\CLOSE.OBJ
D:\CODE\OSS\DOKANX\TRUNK\DOKAN\DEBUG\CREATE.OBJ
D:\CODE\OSS\DOKANX\TRUNK\DOKAN\DEBUG\DIRECTORY.OBJ
D:\CODE\OSS\DOKANX\TRUNK\DOKAN\DEBUG\DOKAN.DLL.INTERMEDIATE.MANIFEST
D:\CODE\OSS\DOKANX\TRUNK\DOKAN\DEBUG\DOKAN.OBJ
D:\code\oss\dokanx\trunk\dokan\Debug\dokan.write.1.tlog
D:\CODE\OSS\DOKANX\TRUNK\DOKAN\DEBUG\FILEINFO.OBJ
D:\CODE\OSS\DOKANX\TRUNK\DOKAN\DEBUG\FLUSH.OBJ
D:\code\oss\dokanx\trunk\dokan\Debug\link.command.1.tlog
D:\code\oss\dokanx\trunk\dokan\Debug\link.read.1.tlog
D:\code\oss\dokanx\trunk\dokan\Debug\link.write.1.tlog
D:\CODE\OSS\DOKANX\TRUNK\DOKAN\DEBUG\LOCK.OBJ
D:\CODE\OSS\DOKANX\TRUNK\DOKAN\DEBUG\MOUNT.OBJ
D:\code\oss\dokanx\trunk\dokan\Debug\mt.command.1.tlog
D:\code\oss\dokanx\trunk\dokan\Debug\mt.read.1.tlog
D:\code\oss\dokanx\trunk\dokan\Debug\mt.write.1.tlog
D:\CODE\OSS\DOKANX\TRUNK\DOKAN\DEBUG\READ.OBJ
D:\CODE\OSS\DOKANX\TRUNK\DOKAN\DEBUG\SECURITY.OBJ
D:\CODE\OSS\DOKANX\TRUNK\DOKAN\DEBUG\SETFILE.OBJ
D:\CODE\OSS\DOKANX\TRUNK\DOKAN\DEBUG\STATUS.OBJ
D:\CODE\OSS\DOKANX\TRUNK\DOKAN\DEBUG\TIMEOUT.OBJ
D:\code\oss\dokanx\trunk\dokan\Debug\vc100.idb
D:\CODE\OSS\DOKANX\TRUNK\DOKAN\DEBUG\VC100.PDB
D:\CODE\OSS\DOKANX\TRUNK\DOKAN\DEBUG\VERSION.OBJ
D:\CODE\OSS\DOKANX\TRUNK\DOKAN\DEBUG\VOLUME.OBJ
D:\CODE\OSS\DOKANX\TRUNK\DOKAN\DEBUG\WRITE.OBJ
