Build started 2012-02-17 오후 7:53:10.
     1>Project "D:\code\oss\dokanx\trunk\src\dokanx\dokanx.vcxproj" on node 3 (rebuild target(s)).
     1>_PrepareForClean:
         Deleting file "Debug\dokanx.lastbuildstate".
       InitializeBuildStatus:
         Creating "Debug\dokanx.unsuccessfulbuild" because "AlwaysCreate" was specified.
       ClCompile:
         C:\Program Files (x86)\Microsoft Visual Studio 10.0\VC\bin\CL.exe /c /I../sys /Zi /nologo /W4 /WX- /Od /Oy- /D _WINDLL /D _UNICODE /D UNICODE /Gm /EHsc /RTC1 /MTd /GS /fp:precise /Zc:wchar_t /Zc:forScope /Fo"Debug\\" /Fd"Debug\vc100.pdb" /Gd /TP /analyze- /errorReport:prompt access.cpp cleanup.cpp close.cpp create.cpp directory.cpp dokan.cpp fileinfo.cpp flush.cpp lock.cpp mount.cpp read.cpp security.cpp setfile.cpp status.cpp timeout.cpp version.cpp volume.cpp write.cpp
         write.cpp
         volume.cpp
         version.cpp
         timeout.cpp
         status.cpp
         setfile.cpp
         security.cpp
         read.cpp
         mount.cpp
         lock.cpp
         flush.cpp
         fileinfo.cpp
         dokan.cpp
         directory.cpp
         create.cpp
         close.cpp
         cleanup.cpp
         access.cpp
         Generating Code...
       Link:
         C:\Program Files (x86)\Microsoft Visual Studio 10.0\VC\bin\link.exe /ERRORREPORT:PROMPT /OUT:"D:\code\oss\dokanx\trunk\src\Debug\dokanx.dll" /NOLOGO kernel32.lib user32.lib gdi32.lib winspool.lib comdlg32.lib advapi32.lib shell32.lib ole32.lib oleaut32.lib uuid.lib odbc32.lib odbccp32.lib /MANIFEST /ManifestFile:"Debug\dokanx.dll.intermediate.manifest" /MANIFESTUAC:"level='asInvoker' uiAccess='false'" /PDB:"D:\code\oss\dokanx\trunk\src\Debug\dokanx.pdb" /TLBID:1 /DYNAMICBASE /NXCOMPAT /IMPLIB:"D:\code\oss\dokanx\trunk\src\Debug\dokanx.lib" /MACHINE:X86 /DLL Debug\access.obj
         Debug\cleanup.obj
         Debug\close.obj
         Debug\create.obj
         Debug\directory.obj
         Debug\dokan.obj
         Debug\fileinfo.obj
         Debug\flush.obj
         Debug\lock.obj
         Debug\mount.obj
         Debug\read.obj
         Debug\security.obj
         Debug\setfile.obj
         Debug\status.obj
         Debug\timeout.obj
         Debug\version.obj
         Debug\volume.obj
         Debug\write.obj
            Creating library D:\code\oss\dokanx\trunk\src\Debug\dokanx.lib and object D:\code\oss\dokanx\trunk\src\Debug\dokanx.exp
         dokanx.vcxproj -> D:\code\oss\dokanx\trunk\src\Debug\dokanx.dll
       Manifest:
         C:\Program Files (x86)\Microsoft SDKs\Windows\v7.0A\bin\mt.exe /nologo /verbose /outputresource:"D:\code\oss\dokanx\trunk\src\Debug\dokanx.dll;#2" /manifest Debug\dokanx.dll.intermediate.manifest
       FinalizeBuildStatus:
         Deleting file "Debug\dokanx.unsuccessfulbuild".
         Touching "Debug\dokanx.lastbuildstate".
     1>Done Building Project "D:\code\oss\dokanx\trunk\src\dokanx\dokanx.vcxproj" (rebuild target(s)).

Build succeeded.

Time Elapsed 00:00:08.02
