D:\CODE\OSS\DOKANX\TRUNK\SRC\DEBUG\DOKANX.DLL
D:\code\oss\dokanx\trunk\src\Debug\dokanx.exp
D:\code\oss\dokanx\trunk\src\Debug\dokanx.lib
D:\CODE\OSS\DOKANX\TRUNK\SRC\DOKANX\DEBUG\ACCESS.OBJ
D:\code\oss\dokanx\trunk\src\dokanx\Debug\cl.command.1.tlog
D:\code\oss\dokanx\trunk\src\dokanx\Debug\CL.read.1.tlog
D:\code\oss\dokanx\trunk\src\dokanx\Debug\CL.write.1.tlog
D:\CODE\OSS\DOKANX\TRUNK\SRC\DOKANX\DEBUG\CLEANUP.OBJ
D:\CODE\OSS\DOKANX\TRUNK\SRC\DOKANX\DEBUG\CLOSE.OBJ
D:\CODE\OSS\DOKANX\TRUNK\SRC\DOKANX\DEBUG\CREATE.OBJ
D:\CODE\OSS\DOKANX\TRUNK\SRC\DOKANX\DEBUG\DIRECTORY.OBJ
D:\CODE\OSS\DOKANX\TRUNK\SRC\DOKANX\DEBUG\DOKAN.OBJ
D:\CODE\OSS\DOKANX\TRUNK\SRC\DOKANX\DEBUG\DOKANX.DLL.INTERMEDIATE.MANIFEST
D:\code\oss\dokanx\trunk\src\dokanx\Debug\dokanx.write.1.tlog
D:\CODE\OSS\DOKANX\TRUNK\SRC\DOKANX\DEBUG\FILEINFO.OBJ
D:\CODE\OSS\DOKANX\TRUNK\SRC\DOKANX\DEBUG\FLUSH.OBJ
D:\code\oss\dokanx\trunk\src\dokanx\Debug\link.command.1.tlog
D:\code\oss\dokanx\trunk\src\dokanx\Debug\link.read.1.tlog
D:\code\oss\dokanx\trunk\src\dokanx\Debug\link.write.1.tlog
D:\CODE\OSS\DOKANX\TRUNK\SRC\DOKANX\DEBUG\LOCK.OBJ
D:\CODE\OSS\DOKANX\TRUNK\SRC\DOKANX\DEBUG\MOUNT.OBJ
D:\code\oss\dokanx\trunk\src\dokanx\Debug\mt.command.1.tlog
D:\code\oss\dokanx\trunk\src\dokanx\Debug\mt.read.1.tlog
D:\code\oss\dokanx\trunk\src\dokanx\Debug\mt.write.1.tlog
D:\CODE\OSS\DOKANX\TRUNK\SRC\DOKANX\DEBUG\READ.OBJ
D:\CODE\OSS\DOKANX\TRUNK\SRC\DOKANX\DEBUG\SECURITY.OBJ
D:\CODE\OSS\DOKANX\TRUNK\SRC\DOKANX\DEBUG\SETFILE.OBJ
D:\CODE\OSS\DOKANX\TRUNK\SRC\DOKANX\DEBUG\STATUS.OBJ
D:\CODE\OSS\DOKANX\TRUNK\SRC\DOKANX\DEBUG\TIMEOUT.OBJ
D:\code\oss\dokanx\trunk\src\dokanx\Debug\vc100.idb
D:\CODE\OSS\DOKANX\TRUNK\SRC\DOKANX\DEBUG\VC100.PDB
D:\CODE\OSS\DOKANX\TRUNK\SRC\DOKANX\DEBUG\VERSION.OBJ
D:\CODE\OSS\DOKANX\TRUNK\SRC\DOKANX\DEBUG\VOLUME.OBJ
D:\CODE\OSS\DOKANX\TRUNK\SRC\DOKANX\DEBUG\WRITE.OBJ
